<?xml version="1.0" encoding="UTF-8"?>
<!-- Generated by org.testng.reporters.JUnitReportReporter -->
<testsuite hostname="ammars-macbook-pro.home" failures="0" tests="4" name="Automation.MyTestCases" time="6.351" errors="0" timestamp="2025-09-17T12:53:41 EET" skipped="3">
  <testcase classname="Automation.MyTestCases" name="AddItemsToTheCart" time="6.351"/>
  <testcase classname="Automation.MyTestCases" name="SignUpTest">
    <skipped/>
  </testcase> <!-- SignUpTest -->
  <testcase classname="Automation.MyTestCases" name="LogInPage">
    <skipped/>
  </testcase> <!-- LogInPage -->
  <testcase classname="Automation.MyTestCases" name="LogOut">
    <skipped/>
  </testcase> <!-- LogOut -->
</testsuite> <!-- Automation.MyTestCases -->
